<?xml version="1.0" encoding="UTF-8"?>
<robot generator="Robot 6.1.1 (Python 3.12.0 on win32)" generated="20231028 11:12:24.423" rpa="false" schemaversion="4">
<suite id="s1" name="DataDrivenTest UsingExcel CSV" source="C:\Users\Sharanu\PycharmProjects\SynTraining\UI_Test\DataDrivenTest_UsingExcel_CSV.robot">
<kw name="LaunchApplication" library="commonfunctionality" type="SETUP">
<kw name="Open Browser" library="SeleniumLibrary">
<arg>${url_web}</arg>
<arg>${browser}</arg>
<doc>Opens a new browser instance to the optional ``url``.</doc>
<msg timestamp="20231028 11:12:24.800" level="INFO">Opening browser 'edge' to base url 'http://secure.smartbearsoftware.com/samples/TestComplete11/WebOrders/Login.aspx'.</msg>
<status status="PASS" starttime="20231028 11:12:24.800" endtime="20231028 11:12:27.383"/>
</kw>
<kw name="Maximize Browser Window" library="SeleniumLibrary">
<doc>Maximizes current browser window.</doc>
<status status="PASS" starttime="20231028 11:12:27.383" endtime="20231028 11:12:27.527"/>
</kw>
<status status="PASS" starttime="20231028 11:12:24.800" endtime="20231028 11:12:27.527"/>
</kw>
<test id="s1-t1" name="Verify WebOrder All Login Scenario Tester1 test Invalid Login or Password." line="18">
<kw name="Invalid Login Scenarios">
<arg>Tester1</arg>
<arg>test</arg>
<arg>Invalid Login or Password.</arg>
<kw name="Input Text" library="SeleniumLibrary">
<arg>${txtbox_username_web}</arg>
<arg>${username}</arg>
<doc>Types the given ``text`` into the text field identified by ``locator``.</doc>
<msg timestamp="20231028 11:12:27.527" level="INFO">Typing text 'Tester1' into text field 'id=ctl00_MainContent_username'.</msg>
<status status="PASS" starttime="20231028 11:12:27.527" endtime="20231028 11:12:27.651"/>
</kw>
<kw name="Sleep" library="BuiltIn">
<arg>2s</arg>
<doc>Pauses the test executed for the given time.</doc>
<msg timestamp="20231028 11:12:29.652" level="INFO">Slept 2 seconds</msg>
<status status="PASS" starttime="20231028 11:12:27.651" endtime="20231028 11:12:29.652"/>
</kw>
<kw name="Input Text" library="SeleniumLibrary">
<arg>${txtbox_password_web}</arg>
<arg>${password}</arg>
<doc>Types the given ``text`` into the text field identified by ``locator``.</doc>
<msg timestamp="20231028 11:12:29.652" level="INFO">Typing text 'test' into text field 'id=ctl00_MainContent_password'.</msg>
<status status="PASS" starttime="20231028 11:12:29.652" endtime="20231028 11:12:29.729"/>
</kw>
<kw name="Sleep" library="BuiltIn">
<arg>2s</arg>
<doc>Pauses the test executed for the given time.</doc>
<msg timestamp="20231028 11:12:31.729" level="INFO">Slept 2 seconds</msg>
<status status="PASS" starttime="20231028 11:12:29.729" endtime="20231028 11:12:31.729"/>
</kw>
<kw name="Click Button" library="SeleniumLibrary">
<arg>${btn_login_web}</arg>
<doc>Clicks the button identified by ``locator``.</doc>
<msg timestamp="20231028 11:12:31.729" level="INFO">Clicking button 'id=ctl00_MainContent_login_button'.</msg>
<status status="PASS" starttime="20231028 11:12:31.729" endtime="20231028 11:12:32.116"/>
</kw>
<kw name="Sleep" library="BuiltIn">
<arg>2s</arg>
<doc>Pauses the test executed for the given time.</doc>
<msg timestamp="20231028 11:12:34.117" level="INFO">Slept 2 seconds</msg>
<status status="PASS" starttime="20231028 11:12:32.116" endtime="20231028 11:12:34.117"/>
</kw>
<kw name="Get Element Count" library="SeleniumLibrary">
<var>${count}</var>
<arg>id=ctl00_MainContent_status</arg>
<doc>Returns the number of elements matching ``locator``.</doc>
<msg timestamp="20231028 11:12:34.134" level="INFO">${count} = 1</msg>
<status status="PASS" starttime="20231028 11:12:34.117" endtime="20231028 11:12:34.134"/>
</kw>
<kw name="Run Keyword If" library="BuiltIn">
<arg>${count} &gt; 0</arg>
<arg>Element Should Contain</arg>
<arg>${txt_error_web}</arg>
<arg>${error_msg}</arg>
<arg>ELSE</arg>
<arg>Element Should Contain</arg>
<arg>${lnk_logout_web}</arg>
<arg>${error_msg}</arg>
<arg>click element</arg>
<arg>${lnk_logout_web}</arg>
<doc>Runs the given keyword with the given arguments, if ``condition`` is true.</doc>
<kw name="Element Should Contain" library="SeleniumLibrary">
<arg>${txt_error_web}</arg>
<arg>${error_msg}</arg>
<doc>Verifies that element ``locator`` contains text ``expected``.</doc>
<msg timestamp="20231028 11:12:34.151" level="INFO">Element 'id=ctl00_MainContent_status' contains text 'Invalid Login or Password.'.</msg>
<status status="PASS" starttime="20231028 11:12:34.134" endtime="20231028 11:12:34.151"/>
</kw>
<status status="PASS" starttime="20231028 11:12:34.134" endtime="20231028 11:12:34.151"/>
</kw>
<status status="PASS" starttime="20231028 11:12:27.527" endtime="20231028 11:12:34.151"/>
</kw>
<status status="PASS" starttime="20231028 11:12:27.527" endtime="20231028 11:12:34.151"/>
</test>
<test id="s1-t2" name="Verify WebOrder All Login Scenario Tester test1 Invalid Login or Password." line="18">
<kw name="Invalid Login Scenarios">
<arg>Tester</arg>
<arg>test1</arg>
<arg>Invalid Login or Password.</arg>
<kw name="Input Text" library="SeleniumLibrary">
<arg>${txtbox_username_web}</arg>
<arg>${username}</arg>
<doc>Types the given ``text`` into the text field identified by ``locator``.</doc>
<msg timestamp="20231028 11:12:34.153" level="INFO">Typing text 'Tester' into text field 'id=ctl00_MainContent_username'.</msg>
<status status="PASS" starttime="20231028 11:12:34.153" endtime="20231028 11:12:34.295"/>
</kw>
<kw name="Sleep" library="BuiltIn">
<arg>2s</arg>
<doc>Pauses the test executed for the given time.</doc>
<msg timestamp="20231028 11:12:36.315" level="INFO">Slept 2 seconds</msg>
<status status="PASS" starttime="20231028 11:12:34.295" endtime="20231028 11:12:36.315"/>
</kw>
<kw name="Input Text" library="SeleniumLibrary">
<arg>${txtbox_password_web}</arg>
<arg>${password}</arg>
<doc>Types the given ``text`` into the text field identified by ``locator``.</doc>
<msg timestamp="20231028 11:12:36.315" level="INFO">Typing text 'test1' into text field 'id=ctl00_MainContent_password'.</msg>
<status status="PASS" starttime="20231028 11:12:36.315" endtime="20231028 11:12:36.436"/>
</kw>
<kw name="Sleep" library="BuiltIn">
<arg>2s</arg>
<doc>Pauses the test executed for the given time.</doc>
<msg timestamp="20231028 11:12:38.437" level="INFO">Slept 2 seconds</msg>
<status status="PASS" starttime="20231028 11:12:36.436" endtime="20231028 11:12:38.437"/>
</kw>
<kw name="Click Button" library="SeleniumLibrary">
<arg>${btn_login_web}</arg>
<doc>Clicks the button identified by ``locator``.</doc>
<msg timestamp="20231028 11:12:38.437" level="INFO">Clicking button 'id=ctl00_MainContent_login_button'.</msg>
<status status="PASS" starttime="20231028 11:12:38.437" endtime="20231028 11:12:38.909"/>
</kw>
<kw name="Sleep" library="BuiltIn">
<arg>2s</arg>
<doc>Pauses the test executed for the given time.</doc>
<msg timestamp="20231028 11:12:40.910" level="INFO">Slept 2 seconds</msg>
<status status="PASS" starttime="20231028 11:12:38.909" endtime="20231028 11:12:40.910"/>
</kw>
<kw name="Get Element Count" library="SeleniumLibrary">
<var>${count}</var>
<arg>id=ctl00_MainContent_status</arg>
<doc>Returns the number of elements matching ``locator``.</doc>
<msg timestamp="20231028 11:12:40.923" level="INFO">${count} = 1</msg>
<status status="PASS" starttime="20231028 11:12:40.910" endtime="20231028 11:12:40.923"/>
</kw>
<kw name="Run Keyword If" library="BuiltIn">
<arg>${count} &gt; 0</arg>
<arg>Element Should Contain</arg>
<arg>${txt_error_web}</arg>
<arg>${error_msg}</arg>
<arg>ELSE</arg>
<arg>Element Should Contain</arg>
<arg>${lnk_logout_web}</arg>
<arg>${error_msg}</arg>
<arg>click element</arg>
<arg>${lnk_logout_web}</arg>
<doc>Runs the given keyword with the given arguments, if ``condition`` is true.</doc>
<kw name="Element Should Contain" library="SeleniumLibrary">
<arg>${txt_error_web}</arg>
<arg>${error_msg}</arg>
<doc>Verifies that element ``locator`` contains text ``expected``.</doc>
<msg timestamp="20231028 11:12:40.944" level="INFO">Element 'id=ctl00_MainContent_status' contains text 'Invalid Login or Password.'.</msg>
<status status="PASS" starttime="20231028 11:12:40.923" endtime="20231028 11:12:40.944"/>
</kw>
<status status="PASS" starttime="20231028 11:12:40.923" endtime="20231028 11:12:40.944"/>
</kw>
<status status="PASS" starttime="20231028 11:12:34.153" endtime="20231028 11:12:40.944"/>
</kw>
<status status="PASS" starttime="20231028 11:12:34.151" endtime="20231028 11:12:40.944"/>
</test>
<test id="s1-t3" name="Verify WebOrder All Login Scenario Tester  Invalid Login or Password." line="18">
<kw name="Invalid Login Scenarios">
<arg>Tester</arg>
<arg>Invalid Login or Password.</arg>
<kw name="Input Text" library="SeleniumLibrary">
<arg>${txtbox_username_web}</arg>
<arg>${username}</arg>
<doc>Types the given ``text`` into the text field identified by ``locator``.</doc>
<msg timestamp="20231028 11:12:40.944" level="INFO">Typing text 'Tester' into text field 'id=ctl00_MainContent_username'.</msg>
<status status="PASS" starttime="20231028 11:12:40.944" endtime="20231028 11:12:41.122"/>
</kw>
<kw name="Sleep" library="BuiltIn">
<arg>2s</arg>
<doc>Pauses the test executed for the given time.</doc>
<msg timestamp="20231028 11:12:43.123" level="INFO">Slept 2 seconds</msg>
<status status="PASS" starttime="20231028 11:12:41.122" endtime="20231028 11:12:43.123"/>
</kw>
<kw name="Input Text" library="SeleniumLibrary">
<arg>${txtbox_password_web}</arg>
<arg>${password}</arg>
<doc>Types the given ``text`` into the text field identified by ``locator``.</doc>
<msg timestamp="20231028 11:12:43.123" level="INFO">Typing text '' into text field 'id=ctl00_MainContent_password'.</msg>
<status status="PASS" starttime="20231028 11:12:43.123" endtime="20231028 11:12:43.272"/>
</kw>
<kw name="Sleep" library="BuiltIn">
<arg>2s</arg>
<doc>Pauses the test executed for the given time.</doc>
<msg timestamp="20231028 11:12:45.278" level="INFO">Slept 2 seconds</msg>
<status status="PASS" starttime="20231028 11:12:43.272" endtime="20231028 11:12:45.278"/>
</kw>
<kw name="Click Button" library="SeleniumLibrary">
<arg>${btn_login_web}</arg>
<doc>Clicks the button identified by ``locator``.</doc>
<msg timestamp="20231028 11:12:45.278" level="INFO">Clicking button 'id=ctl00_MainContent_login_button'.</msg>
<status status="PASS" starttime="20231028 11:12:45.278" endtime="20231028 11:12:45.791"/>
</kw>
<kw name="Sleep" library="BuiltIn">
<arg>2s</arg>
<doc>Pauses the test executed for the given time.</doc>
<msg timestamp="20231028 11:12:47.795" level="INFO">Slept 2 seconds</msg>
<status status="PASS" starttime="20231028 11:12:45.794" endtime="20231028 11:12:47.795"/>
</kw>
<kw name="Get Element Count" library="SeleniumLibrary">
<var>${count}</var>
<arg>id=ctl00_MainContent_status</arg>
<doc>Returns the number of elements matching ``locator``.</doc>
<msg timestamp="20231028 11:12:47.807" level="INFO">${count} = 1</msg>
<status status="PASS" starttime="20231028 11:12:47.795" endtime="20231028 11:12:47.807"/>
</kw>
<kw name="Run Keyword If" library="BuiltIn">
<arg>${count} &gt; 0</arg>
<arg>Element Should Contain</arg>
<arg>${txt_error_web}</arg>
<arg>${error_msg}</arg>
<arg>ELSE</arg>
<arg>Element Should Contain</arg>
<arg>${lnk_logout_web}</arg>
<arg>${error_msg}</arg>
<arg>click element</arg>
<arg>${lnk_logout_web}</arg>
<doc>Runs the given keyword with the given arguments, if ``condition`` is true.</doc>
<kw name="Element Should Contain" library="SeleniumLibrary">
<arg>${txt_error_web}</arg>
<arg>${error_msg}</arg>
<doc>Verifies that element ``locator`` contains text ``expected``.</doc>
<msg timestamp="20231028 11:12:47.827" level="INFO">Element 'id=ctl00_MainContent_status' contains text 'Invalid Login or Password.'.</msg>
<status status="PASS" starttime="20231028 11:12:47.807" endtime="20231028 11:12:47.827"/>
</kw>
<status status="PASS" starttime="20231028 11:12:47.807" endtime="20231028 11:12:47.827"/>
</kw>
<status status="PASS" starttime="20231028 11:12:40.944" endtime="20231028 11:12:47.827"/>
</kw>
<status status="PASS" starttime="20231028 11:12:40.944" endtime="20231028 11:12:47.830"/>
</test>
<test id="s1-t4" name="Verify WebOrder All Login Scenario  test Invalid Login or Password." line="18">
<kw name="Invalid Login Scenarios">
<arg>test</arg>
<arg>Invalid Login or Password.</arg>
<kw name="Input Text" library="SeleniumLibrary">
<arg>${txtbox_username_web}</arg>
<arg>${username}</arg>
<doc>Types the given ``text`` into the text field identified by ``locator``.</doc>
<msg timestamp="20231028 11:12:47.835" level="INFO">Typing text '' into text field 'id=ctl00_MainContent_username'.</msg>
<status status="PASS" starttime="20231028 11:12:47.834" endtime="20231028 11:12:47.972"/>
</kw>
<kw name="Sleep" library="BuiltIn">
<arg>2s</arg>
<doc>Pauses the test executed for the given time.</doc>
<msg timestamp="20231028 11:12:49.972" level="INFO">Slept 2 seconds</msg>
<status status="PASS" starttime="20231028 11:12:47.972" endtime="20231028 11:12:49.972"/>
</kw>
<kw name="Input Text" library="SeleniumLibrary">
<arg>${txtbox_password_web}</arg>
<arg>${password}</arg>
<doc>Types the given ``text`` into the text field identified by ``locator``.</doc>
<msg timestamp="20231028 11:12:49.972" level="INFO">Typing text 'test' into text field 'id=ctl00_MainContent_password'.</msg>
<status status="PASS" starttime="20231028 11:12:49.972" endtime="20231028 11:12:50.117"/>
</kw>
<kw name="Sleep" library="BuiltIn">
<arg>2s</arg>
<doc>Pauses the test executed for the given time.</doc>
<msg timestamp="20231028 11:12:52.118" level="INFO">Slept 2 seconds</msg>
<status status="PASS" starttime="20231028 11:12:50.118" endtime="20231028 11:12:52.118"/>
</kw>
<kw name="Click Button" library="SeleniumLibrary">
<arg>${btn_login_web}</arg>
<doc>Clicks the button identified by ``locator``.</doc>
<msg timestamp="20231028 11:12:52.118" level="INFO">Clicking button 'id=ctl00_MainContent_login_button'.</msg>
<status status="PASS" starttime="20231028 11:12:52.118" endtime="20231028 11:12:52.679"/>
</kw>
<kw name="Sleep" library="BuiltIn">
<arg>2s</arg>
<doc>Pauses the test executed for the given time.</doc>
<msg timestamp="20231028 11:12:54.680" level="INFO">Slept 2 seconds</msg>
<status status="PASS" starttime="20231028 11:12:52.679" endtime="20231028 11:12:54.680"/>
</kw>
<kw name="Get Element Count" library="SeleniumLibrary">
<var>${count}</var>
<arg>id=ctl00_MainContent_status</arg>
<doc>Returns the number of elements matching ``locator``.</doc>
<msg timestamp="20231028 11:12:54.695" level="INFO">${count} = 1</msg>
<status status="PASS" starttime="20231028 11:12:54.681" endtime="20231028 11:12:54.695"/>
</kw>
<kw name="Run Keyword If" library="BuiltIn">
<arg>${count} &gt; 0</arg>
<arg>Element Should Contain</arg>
<arg>${txt_error_web}</arg>
<arg>${error_msg}</arg>
<arg>ELSE</arg>
<arg>Element Should Contain</arg>
<arg>${lnk_logout_web}</arg>
<arg>${error_msg}</arg>
<arg>click element</arg>
<arg>${lnk_logout_web}</arg>
<doc>Runs the given keyword with the given arguments, if ``condition`` is true.</doc>
<kw name="Element Should Contain" library="SeleniumLibrary">
<arg>${txt_error_web}</arg>
<arg>${error_msg}</arg>
<doc>Verifies that element ``locator`` contains text ``expected``.</doc>
<msg timestamp="20231028 11:12:54.720" level="INFO">Element 'id=ctl00_MainContent_status' contains text 'Invalid Login or Password.'.</msg>
<status status="PASS" starttime="20231028 11:12:54.696" endtime="20231028 11:12:54.720"/>
</kw>
<status status="PASS" starttime="20231028 11:12:54.695" endtime="20231028 11:12:54.720"/>
</kw>
<status status="PASS" starttime="20231028 11:12:47.834" endtime="20231028 11:12:54.720"/>
</kw>
<status status="PASS" starttime="20231028 11:12:47.832" endtime="20231028 11:12:54.721"/>
</test>
<test id="s1-t5" name="Verify WebOrder All Login Scenario Tester test Logout" line="18">
<kw name="Invalid Login Scenarios">
<arg>Tester</arg>
<arg>test</arg>
<arg>Logout</arg>
<kw name="Input Text" library="SeleniumLibrary">
<arg>${txtbox_username_web}</arg>
<arg>${username}</arg>
<doc>Types the given ``text`` into the text field identified by ``locator``.</doc>
<msg timestamp="20231028 11:12:54.728" level="INFO">Typing text 'Tester' into text field 'id=ctl00_MainContent_username'.</msg>
<status status="PASS" starttime="20231028 11:12:54.723" endtime="20231028 11:12:54.901"/>
</kw>
<kw name="Sleep" library="BuiltIn">
<arg>2s</arg>
<doc>Pauses the test executed for the given time.</doc>
<msg timestamp="20231028 11:12:56.903" level="INFO">Slept 2 seconds</msg>
<status status="PASS" starttime="20231028 11:12:54.903" endtime="20231028 11:12:56.903"/>
</kw>
<kw name="Input Text" library="SeleniumLibrary">
<arg>${txtbox_password_web}</arg>
<arg>${password}</arg>
<doc>Types the given ``text`` into the text field identified by ``locator``.</doc>
<msg timestamp="20231028 11:12:56.903" level="INFO">Typing text 'test' into text field 'id=ctl00_MainContent_password'.</msg>
<status status="PASS" starttime="20231028 11:12:56.903" endtime="20231028 11:12:57.058"/>
</kw>
<kw name="Sleep" library="BuiltIn">
<arg>2s</arg>
<doc>Pauses the test executed for the given time.</doc>
<msg timestamp="20231028 11:12:59.059" level="INFO">Slept 2 seconds</msg>
<status status="PASS" starttime="20231028 11:12:57.058" endtime="20231028 11:12:59.059"/>
</kw>
<kw name="Click Button" library="SeleniumLibrary">
<arg>${btn_login_web}</arg>
<doc>Clicks the button identified by ``locator``.</doc>
<msg timestamp="20231028 11:12:59.059" level="INFO">Clicking button 'id=ctl00_MainContent_login_button'.</msg>
<status status="PASS" starttime="20231028 11:12:59.059" endtime="20231028 11:13:00.781"/>
</kw>
<kw name="Sleep" library="BuiltIn">
<arg>2s</arg>
<doc>Pauses the test executed for the given time.</doc>
<msg timestamp="20231028 11:13:02.782" level="INFO">Slept 2 seconds</msg>
<status status="PASS" starttime="20231028 11:13:00.781" endtime="20231028 11:13:02.782"/>
</kw>
<kw name="Get Element Count" library="SeleniumLibrary">
<var>${count}</var>
<arg>id=ctl00_MainContent_status</arg>
<doc>Returns the number of elements matching ``locator``.</doc>
<msg timestamp="20231028 11:13:02.795" level="INFO">${count} = 0</msg>
<status status="PASS" starttime="20231028 11:13:02.782" endtime="20231028 11:13:02.795"/>
</kw>
<kw name="Run Keyword If" library="BuiltIn">
<arg>${count} &gt; 0</arg>
<arg>Element Should Contain</arg>
<arg>${txt_error_web}</arg>
<arg>${error_msg}</arg>
<arg>ELSE</arg>
<arg>Element Should Contain</arg>
<arg>${lnk_logout_web}</arg>
<arg>${error_msg}</arg>
<arg>click element</arg>
<arg>${lnk_logout_web}</arg>
<doc>Runs the given keyword with the given arguments, if ``condition`` is true.</doc>
<kw name="Element Should Contain" library="SeleniumLibrary">
<arg>${lnk_logout_web}</arg>
<arg>${error_msg}</arg>
<arg>click element</arg>
<arg>${lnk_logout_web}</arg>
<doc>Verifies that element ``locator`` contains text ``expected``.</doc>
<msg timestamp="20231028 11:13:02.832" level="INFO">Element 'link=Logout' contains text 'Logout'.</msg>
<status status="PASS" starttime="20231028 11:13:02.795" endtime="20231028 11:13:02.832"/>
</kw>
<status status="PASS" starttime="20231028 11:13:02.795" endtime="20231028 11:13:02.832"/>
</kw>
<status status="PASS" starttime="20231028 11:12:54.723" endtime="20231028 11:13:02.832"/>
</kw>
<status status="PASS" starttime="20231028 11:12:54.721" endtime="20231028 11:13:02.832"/>
</test>
<kw name="CloseApp" library="commonfunctionality" type="TEARDOWN">
<kw name="Close Browser" library="SeleniumLibrary">
<doc>Closes the current browser.</doc>
<status status="PASS" starttime="20231028 11:13:02.832" endtime="20231028 11:13:05.293"/>
</kw>
<status status="PASS" starttime="20231028 11:13:02.832" endtime="20231028 11:13:05.293"/>
</kw>
<doc>Suite description</doc>
<status status="PASS" starttime="20231028 11:12:24.423" endtime="20231028 11:13:05.293"/>
</suite>
<statistics>
<total>
<stat pass="5" fail="0" skip="0">All Tests</stat>
</total>
<tag>
</tag>
<suite>
<stat pass="5" fail="0" skip="0" id="s1" name="DataDrivenTest UsingExcel CSV">DataDrivenTest UsingExcel CSV</stat>
</suite>
</statistics>
<errors>
<msg timestamp="20231028 11:12:24.737" level="ERROR">Error in file 'C:\Users\Sharanu\PycharmProjects\SynTraining\Resources\commonfunctionality.robot' on line 5: Importing library 'RequestsLibrary' failed: ModuleNotFoundError: No module named 'RequestsLibrary'
Traceback (most recent call last):
  None
PYTHONPATH:
  C:\Users\Sharanu\AppData\Local\Programs\Python\Python312\Scripts\robot.exe
  C:\Users\Sharanu\AppData\Local\Programs\Python\Python312\python312.zip
  C:\Users\Sharanu\AppData\Local\Programs\Python\Python312\DLLs
  C:\Users\Sharanu\AppData\Local\Programs\Python\Python312\Lib
  C:\Users\Sharanu\AppData\Local\Programs\Python\Python312
  C:\Users\Sharanu\AppData\Local\Programs\Python\Python312\Lib\site-packages</msg>
<msg timestamp="20231028 11:12:24.753" level="ERROR">Error in file 'C:\Users\Sharanu\PycharmProjects\SynTraining\Resources\commonfunctionality.robot' on line 8: Importing library 'JSONLibrary' failed: ModuleNotFoundError: No module named 'JSONLibrary'
Traceback (most recent call last):
  None
PYTHONPATH:
  C:\Users\Sharanu\AppData\Local\Programs\Python\Python312\Scripts\robot.exe
  C:\Users\Sharanu\AppData\Local\Programs\Python\Python312\python312.zip
  C:\Users\Sharanu\AppData\Local\Programs\Python\Python312\DLLs
  C:\Users\Sharanu\AppData\Local\Programs\Python\Python312\Lib
  C:\Users\Sharanu\AppData\Local\Programs\Python\Python312
  C:\Users\Sharanu\AppData\Local\Programs\Python\Python312\Lib\site-packages</msg>
</errors>
</robot>
